<?xml version="1.0" encoding="UTF-8"?>
<!-- Generated by org.testng.reporters.JUnitReportReporter -->
<testsuite hostname="DESKTOP-O0UEV0M" failures="0" tests="1" name="testcases.LoginTest" time="24.096" errors="0" timestamp="2024-03-07T12:31:53 IST" skipped="0">
  <testcase classname="testcases.LoginTest" name="LoginAndFileUploadTest" time="24.096"/>
  <system-out/>
</testsuite> <!-- testcases.LoginTest -->
