<?xml version="1.0" encoding="UTF-8"?>
<!-- Generated by org.testng.reporters.JUnitReportReporter -->
<testsuite hostname="DESKTOP-O0UEV0M" failures="0" tests="1" name="testcases.LoginTest" time="54.932" errors="0" timestamp="2024-03-07T10:21:42 IST" skipped="0">
  <testcase classname="testcases.LoginTest" name="LoginAndFileUploadTest" time="54.932"/>
  <system-out/>
</testsuite> <!-- testcases.LoginTest -->
