<?xml version="1.0" encoding="UTF-8"?>
<!-- Generated by org.testng.reporters.JUnitReportReporter -->
<testsuite hostname="DESKTOP-O0UEV0M" failures="0" tests="1" name="testcases.LoginTest" time="28.001" errors="0" timestamp="2024-03-06T18:49:59 IST" skipped="0">
  <testcase classname="testcases.LoginTest" name="LoginAndFileUploadTest" time="28.001"/>
  <system-out/>
</testsuite> <!-- testcases.LoginTest -->
